Build started 11/12/2015 16:55:41.
     1>Project "D:\Users\David\Dropbox\Dropbox\Staffordshire-University\Year-2\Technical-Games-Production\Puppy-Backlogue-Slaughter\Game\Puppy-Backlogue-Slaughter\proj.win32\BaseLandscapeProject.vcxproj" on node 2 (Build target(s)).
     1>ClCompile:
         C:\Program Files (x86)\Microsoft Visual Studio 12.0\VC\bin\CL.exe /c /I"C:\cocos2d-x-3.8\cocos\audio\include" /I"C:\cocos2d-x-3.8\external" /I"C:\cocos2d-x-3.8\external\chipmunk\include\chipmunk" /I"C:\cocos2d-x-3.8\extensions" /I..\Classes /I.. /I"C:\cocos2d-x-3.8\cocos\2d\..\..\cocos\editor-support" /I"C:\cocos2d-x-3.8\cocos\2d\..\..\cocos" /I"C:\cocos2d-x-3.8\cocos\2d\..\..\cocos\platform" /I"C:\cocos2d-x-3.8\cocos\2d\..\..\cocos\platform\desktop" /I"C:\cocos2d-x-3.8\cocos\2d\..\..\external\glfw3\include\win32" /I"C:\cocos2d-x-3.8\cocos\2d\..\..\external\win32-specific\gles\include\OGLES" /I"C:\cocos2d-x-3.8\cocos\2d\..\..\external\freetype2\include\win32\freetype2" /I"C:\cocos2d-x-3.8\cocos\2d\..\..\external\freetype2\include\win32\\" /I"C:\cocos2d-x-3.8\cocos\2d\..\..\external" /ZI /nologo /W3 /WX- /MP /Od /Oy- /D WIN32 /D _WINDOWS /D _USE_MATH_DEFINES /D GL_GLEXT_PROTOTYPES /D CC_ENABLE_CHIPMUNK_INTEGRATION=1 /D COCOS2D_DEBUG=1 /D _CRT_SECURE_NO_WARNINGS /D _SCL_SECURE_NO_WARNINGS /D _VARIADIC_MAX=10 /D _USING_V110_SDK71_ /D _UNICODE /D UNICODE /Gm- /EHsc /RTC1 /MD /GS /fp:precise /Zc:wchar_t /Zc:forScope /Fo"Debug.win32\\" /Fd"Debug.win32\vc120.pdb" /Gd /TP /wd4267 /wd4251 /wd4244 /analyze- /errorReport:prompt ..\Classes\ScoreManager.cpp
         ScoreManager.cpp
     1>d:\users\david\dropbox\dropbox\staffordshire-university\year-2\technical-games-production\puppy-backlogue-slaughter\game\puppy-backlogue-slaughter\classes\scoremanager.cpp(73): warning C4805: '==' : unsafe mix of type 'unsigned int' and type 'bool' in operation
     1>d:\users\david\dropbox\dropbox\staffordshire-university\year-2\technical-games-production\puppy-backlogue-slaughter\game\puppy-backlogue-slaughter\classes\scoremanager.cpp(89): warning C4018: '<' : signed/unsigned mismatch
     1>d:\users\david\dropbox\dropbox\staffordshire-university\year-2\technical-games-production\puppy-backlogue-slaughter\game\puppy-backlogue-slaughter\classes\scoremanager.cpp(105): warning C4018: '<' : signed/unsigned mismatch
     1>d:\users\david\dropbox\dropbox\staffordshire-university\year-2\technical-games-production\puppy-backlogue-slaughter\game\puppy-backlogue-slaughter\classes\scoremanager.cpp(215): warning C4129: 'h' : unrecognized character escape sequence
     1>d:\users\david\dropbox\dropbox\staffordshire-university\year-2\technical-games-production\puppy-backlogue-slaughter\game\puppy-backlogue-slaughter\classes\scoremanager.cpp(218): warning C4129: 'h' : unrecognized character escape sequence
       PreLinkEvent:
         if not exist "D:\Users\David\Dropbox\Dropbox\Staffordshire-University\Year-2\Technical-Games-Production\Puppy-Backlogue-Slaughter\Game\Puppy-Backlogue-Slaughter\proj.win32\Debug.win32\" mkdir "D:\Users\David\Dropbox\Dropbox\Staffordshire-University\Year-2\Technical-Games-Production\Puppy-Backlogue-Slaughter\Game\Puppy-Backlogue-Slaughter\proj.win32\Debug.win32\"
         xcopy /Y /Q "C:\cocos2d-x-3.8\prebuilt\win32\*.*" "D:\Users\David\Dropbox\Dropbox\Staffordshire-University\Year-2\Technical-Games-Production\Puppy-Backlogue-Slaughter\Game\Puppy-Backlogue-Slaughter\proj.win32\Debug.win32\"
         
         :VCEnd
         60 File(s) copied
       Link:
         C:\Program Files (x86)\Microsoft Visual Studio 12.0\VC\bin\link.exe /ERRORREPORT:PROMPT /OUT:"D:\Users\David\Dropbox\Dropbox\Staffordshire-University\Year-2\Technical-Games-Production\Puppy-Backlogue-Slaughter\Game\Puppy-Backlogue-Slaughter\proj.win32\Debug.win32\BaseLandscapeProject.exe" /INCREMENTAL /NOLOGO /LIBPATH:"D:\Users\David\Dropbox\Dropbox\Staffordshire-University\Year-2\Technical-Games-Production\Puppy-Backlogue-Slaughter\Game\Puppy-Backlogue-Slaughter\proj.win32\Debug.win32\\" /LIBPATH:"D:\Users\David\Dropbox\Dropbox\Staffordshire-University\Year-2\Technical-Games-Production\Puppy-Backlogue-Slaughter\Game\Puppy-Backlogue-Slaughter\proj.win32\Debug.win32\\" opengl32.lib glew32.lib libzlib.lib libwebp.lib libiconv.lib freetype.lib winmm.lib ws2_32.lib kernel32.lib user32.lib gdi32.lib winspool.lib comdlg32.lib advapi32.lib shell32.lib ole32.lib oleaut32.lib uuid.lib odbc32.lib odbccp32.lib /MANIFEST /MANIFESTUAC:"level='asInvoker' uiAccess='false'" /manifest:embed /DEBUG /PDB:"D:\Users\David\Dropbox\Dropbox\Staffordshire-University\Year-2\Technical-Games-Production\Puppy-Backlogue-Slaughter\Game\Puppy-Backlogue-Slaughter\proj.win32\Debug.win32\BaseLandscapeProject.pdb" /SUBSYSTEM:WINDOWS,"5.01" /TLBID:1 /DYNAMICBASE /NXCOMPAT /IMPLIB:"D:\Users\David\Dropbox\Dropbox\Staffordshire-University\Year-2\Technical-Games-Production\Puppy-Backlogue-Slaughter\Game\Puppy-Backlogue-Slaughter\proj.win32\Debug.win32\BaseLandscapeProject.lib" /MACHINE:X86 /SAFESEH Debug.win32\game.res
         Debug.win32\AppDelegate.obj
         Debug.win32\GameManager.obj
         Debug.win32\HelloWorldScene.obj
         Debug.win32\Player.obj
         Debug.win32\ScoreManager.obj
         Debug.win32\main.obj
         BaseLandscapeProject.vcxproj -> D:\Users\David\Dropbox\Dropbox\Staffordshire-University\Year-2\Technical-Games-Production\Puppy-Backlogue-Slaughter\Game\Puppy-Backlogue-Slaughter\proj.win32\Debug.win32\BaseLandscapeProject.exe
       CustomBuildStep:
         if not exist "D:\Users\David\Dropbox\Dropbox\Staffordshire-University\Year-2\Technical-Games-Production\Puppy-Backlogue-Slaughter\Game\Puppy-Backlogue-Slaughter\proj.win32\Debug.win32\" mkdir "D:\Users\David\Dropbox\Dropbox\Staffordshire-University\Year-2\Technical-Games-Production\Puppy-Backlogue-Slaughter\Game\Puppy-Backlogue-Slaughter\proj.win32\Debug.win32\"
         xcopy "D:\Users\David\Dropbox\Dropbox\Staffordshire-University\Year-2\Technical-Games-Production\Puppy-Backlogue-Slaughter\Game\Puppy-Backlogue-Slaughter\proj.win32\..\Resources" "D:\Users\David\Dropbox\Dropbox\Staffordshire-University\Year-2\Technical-Games-Production\Puppy-Backlogue-Slaughter\Game\Puppy-Backlogue-Slaughter\proj.win32\Debug.win32\" /D /E /I /F /Y
               
         :VCEnd
         0 File(s) copied
       PostBuildEvent:
         if not exist "D:\Users\David\Dropbox\Dropbox\Staffordshire-University\Year-2\Technical-Games-Production\Puppy-Backlogue-Slaughter\Game\Puppy-Backlogue-Slaughter\proj.win32\Debug.win32\" mkdir "D:\Users\David\Dropbox\Dropbox\Staffordshire-University\Year-2\Technical-Games-Production\Puppy-Backlogue-Slaughter\Game\Puppy-Backlogue-Slaughter\proj.win32\Debug.win32\" xcopy /Y /E ..\Resources\*.* D:\Users\David\Dropbox\Dropbox\Staffordshire-University\Year-2\Technical-Games-Production\Puppy-Backlogue-Slaughter\Game\Puppy-Backlogue-Slaughter\proj.win32\Debug.win32\
         :VCEnd
     1>Done Building Project "D:\Users\David\Dropbox\Dropbox\Staffordshire-University\Year-2\Technical-Games-Production\Puppy-Backlogue-Slaughter\Game\Puppy-Backlogue-Slaughter\proj.win32\BaseLandscapeProject.vcxproj" (Build target(s)).

Build succeeded.

Time Elapsed 00:00:07.71
